<?xml version="1.0" encoding="UTF-8"?>
<testng-results ignored="0" total="1" passed="1" failed="0" skipped="0">
  <reporter-output>
  </reporter-output>
  <suite started-at="2023-01-23T23:07:09 BDT" name="Default suite" finished-at="2023-01-23T23:07:18 BDT" duration-ms="9488">
    <groups>
    </groups>
    <test started-at="2023-01-23T23:07:09 BDT" name="Default test" finished-at="2023-01-23T23:07:18 BDT" duration-ms="9488">
      <class name="handle_web_element.TC03_iFrameCheckBoxRadioButton">
        <test-method is-config="true" signature="setDriver()[pri:0, instance:handle_web_element.TC03_iFrameCheckBoxRadioButton@2892d68]" started-at="2023-01-23T23:07:07 BDT" name="setDriver" finished-at="2023-01-23T23:07:09 BDT" duration-ms="2029" status="PASS">
          <reporter-output>
          </reporter-output>
        </test-method> <!-- setDriver -->
        <test-method signature="testRadioButton()[pri:0, instance:handle_web_element.TC03_iFrameCheckBoxRadioButton@2892d68]" started-at="2023-01-23T23:07:09 BDT" name="testRadioButton" finished-at="2023-01-23T23:07:18 BDT" duration-ms="9447" status="PASS">
          <reporter-output>
          </reporter-output>
        </test-method> <!-- testRadioButton -->
        <test-method is-config="true" signature="quitDriver()[pri:0, instance:handle_web_element.TC03_iFrameCheckBoxRadioButton@2892d68]" started-at="2023-01-23T23:07:18 BDT" name="quitDriver" finished-at="2023-01-23T23:07:18 BDT" duration-ms="178" status="PASS">
          <reporter-output>
          </reporter-output>
        </test-method> <!-- quitDriver -->
      </class> <!-- handle_web_element.TC03_iFrameCheckBoxRadioButton -->
    </test> <!-- Default test -->
  </suite> <!-- Default suite -->
</testng-results>
