<?xml version="1.0" encoding="UTF-8"?>
<testng-results ignored="0" total="1" passed="1" failed="0" skipped="0">
  <reporter-output>
  </reporter-output>
  <suite started-at="2023-01-22T00:05:20 BDT" name="Default suite" finished-at="2023-01-22T00:06:22 BDT" duration-ms="61612">
    <groups>
    </groups>
    <test started-at="2023-01-22T00:05:20 BDT" name="Default test" finished-at="2023-01-22T00:06:22 BDT" duration-ms="61612">
      <class name="Locator.TabAndWindowHandler">
        <test-method is-config="true" signature="setDriver()[pri:0, instance:Locator.TabAndWindowHandler@2892d68]" started-at="2023-01-22T00:05:18 BDT" name="setDriver" finished-at="2023-01-22T00:05:20 BDT" duration-ms="2269" status="PASS">
          <reporter-output>
          </reporter-output>
        </test-method> <!-- setDriver -->
        <test-method signature="newTab()[pri:0, instance:Locator.TabAndWindowHandler@2892d68]" started-at="2023-01-22T00:05:20 BDT" name="newTab" finished-at="2023-01-22T00:06:22 BDT" duration-ms="61572" status="PASS">
          <reporter-output>
          </reporter-output>
        </test-method> <!-- newTab -->
        <test-method is-config="true" signature="endDriver()[pri:0, instance:Locator.TabAndWindowHandler@2892d68]" started-at="2023-01-22T00:06:22 BDT" name="endDriver" finished-at="2023-01-22T00:06:22 BDT" duration-ms="283" status="PASS">
          <reporter-output>
          </reporter-output>
        </test-method> <!-- endDriver -->
      </class> <!-- Locator.TabAndWindowHandler -->
    </test> <!-- Default test -->
  </suite> <!-- Default suite -->
</testng-results>
